# JRE version: Java(TM) SE Runtime Environment (16.0.1+9) (build 16.0.1+9-24)
# Java VM: Java HotSpot(TM) 64-Bit Server VM (16.0.1+9-24, mixed mode, sharing, tiered, compressed oops, compressed class ptrs, g1 gc, windows-amd64)
GC Precious Log:
 CPUs: 4 total, 4 available
 Memory: 8151M
 Large Page Support: Disabled
 NUMA Support: Disabled
 Compressed Oops: Enabled (32-bit)
 Heap Region Size: 1M
 Heap Min Capacity: 8M
 Heap Initial Capacity: 128M
 Heap Max Capacity: 2038M
 Pre-touch: Disabled
 Parallel Workers: 4
 Concurrent Workers: 1
 Concurrent Refinement Workers: 4
 Periodic GC: Disabled
Heap:
 garbage-first heap   total 78848K, used 57141K [0x0000000080a00000, 0x0000000100000000)
  region size 1024K, 37 young (37888K), 5 survivors (5120K)
 Metaspace       used 51003K, committed 51520K, reserved 1097728K
  class space    used 7028K, committed 7296K, reserved 1048576K
GC Heap History (20 events):
Event: 1.623 GC heap after
{Heap after GC invocations=4 (full 0):
 garbage-first heap   total 131072K, used 10600K [0x0000000080a00000, 0x0000000100000000)
  region size 1024K, 4 young (4096K), 4 survivors (4096K)
 Metaspace       used 15592K, committed 15872K, reserved 1064960K
  class space    used 2026K, committed 2176K, reserved 1048576K
}
Event: 2.389 GC heap before
{Heap before GC invocations=4 (full 0):
 garbage-first heap   total 131072K, used 83304K [0x0000000080a00000, 0x0000000100000000)
  region size 1024K, 76 young (77824K), 4 survivors (4096K)
 Metaspace       used 20438K, committed 20864K, reserved 1073152K
  class space    used 2739K, committed 2944K, reserved 1048576K
}
Event: 2.395 GC heap after
{Heap after GC invocations=5 (full 0):
 garbage-first heap   total 131072K, used 13425K [0x0000000080a00000, 0x0000000100000000)
  region size 1024K, 7 young (7168K), 7 survivors (7168K)
 Metaspace       used 20438K, committed 20864K, reserved 1073152K
  class space    used 2739K, committed 2944K, reserved 1048576K
}
Event: 2.456 GC heap before
{Heap before GC invocations=5 (full 0):
 garbage-first heap   total 131072K, used 16497K [0x0000000080a00000, 0x0000000100000000)
  region size 1024K, 11 young (11264K), 7 survivors (7168K)
 Metaspace       used 20947K, committed 21248K, reserved 1073152K
  class space    used 2820K, committed 2944K, reserved 1048576K
}
Event: 2.462 GC heap after
{Heap after GC invocations=6 (full 0):
 garbage-first heap   total 131072K, used 13855K [0x0000000080a00000, 0x0000000100000000)
  region size 1024K, 4 young (4096K), 4 survivors (4096K)
 Metaspace       used 20947K, committed 21248K, reserved 1073152K
  class space    used 2820K, committed 2944K, reserved 1048576K
}
Event: 2.853 GC heap before
{Heap before GC invocations=7 (full 0):
 garbage-first heap   total 55296K, used 41503K [0x0000000080a00000, 0x0000000100000000)
  region size 1024K, 32 young (32768K), 4 survivors (4096K)
 Metaspace       used 23710K, committed 24064K, reserved 1073152K
  class space    used 3222K, committed 3392K, reserved 1048576K
}
Event: 2.859 GC heap after
{Heap after GC invocations=8 (full 0):
 garbage-first heap   total 55296K, used 15808K [0x0000000080a00000, 0x0000000100000000)
  region size 1024K, 3 young (3072K), 3 survivors (3072K)
 Metaspace       used 23710K, committed 24064K, reserved 1073152K
  class space    used 3222K, committed 3392K, reserved 1048576K
}
Event: 2.865 GC heap before
{Heap before GC invocations=8 (full 0):
 garbage-first heap   total 55296K, used 38336K [0x0000000080a00000, 0x0000000100000000)
  region size 1024K, 26 young (26624K), 3 survivors (3072K)
 Metaspace       used 23710K, committed 24064K, reserved 1073152K
  class space    used 3222K, committed 3392K, reserved 1048576K
}
Event: 2.869 GC heap after
{Heap after GC invocations=9 (full 0):
 garbage-first heap   total 55296K, used 16029K [0x0000000080a00000, 0x0000000100000000)
  region size 1024K, 3 young (3072K), 3 survivors (3072K)
 Metaspace       used 23710K, committed 24064K, reserved 1073152K
  class space    used 3222K, committed 3392K, reserved 1048576K
}
Event: 2.975 GC heap before
{Heap before GC invocations=9 (full 0):
 garbage-first heap   total 55296K, used 38557K [0x0000000080a00000, 0x0000000100000000)
  region size 1024K, 26 young (26624K), 3 survivors (3072K)
 Metaspace       used 24163K, committed 24512K, reserved 1073152K
  class space    used 3260K, committed 3456K, reserved 1048576K
}
Event: 2.979 GC heap after
{Heap after GC invocations=10 (full 0):
 garbage-first heap   total 110592K, used 16478K [0x0000000080a00000, 0x0000000100000000)
  region size 1024K, 1 young (1024K), 1 survivors (1024K)
 Metaspace       used 24163K, committed 24512K, reserved 1073152K
  class space    used 3260K, committed 3456K, reserved 1048576K
}
Event: 3.694 GC heap before
{Heap before GC invocations=10 (full 0):
 garbage-first heap   total 110592K, used 79966K [0x0000000080a00000, 0x0000000100000000)
  region size 1024K, 64 young (65536K), 1 survivors (1024K)
 Metaspace       used 30520K, committed 30912K, reserved 1081344K
  class space    used 4235K, committed 4416K, reserved 1048576K
}
Event: 3.698 GC heap after
{Heap after GC invocations=11 (full 0):
 garbage-first heap   total 110592K, used 17758K [0x0000000080a00000, 0x0000000100000000)
  region size 1024K, 2 young (2048K), 2 survivors (2048K)
 Metaspace       used 30520K, committed 30912K, reserved 1081344K
  class space    used 4235K, committed 4416K, reserved 1048576K
}
Event: 3.979 GC heap before
{Heap before GC invocations=11 (full 0):
 garbage-first heap   total 110592K, used 27998K [0x0000000080a00000, 0x0000000100000000)
  region size 1024K, 13 young (13312K), 2 survivors (2048K)
 Metaspace       used 35307K, committed 35648K, reserved 1081344K
  class space    used 4799K, committed 4992K, reserved 1048576K
}
Event: 3.984 GC heap after
{Heap after GC invocations=12 (full 0):
 garbage-first heap   total 110592K, used 20150K [0x0000000080a00000, 0x0000000100000000)
  region size 1024K, 5 young (5120K), 5 survivors (5120K)
 Metaspace       used 35307K, committed 35648K, reserved 1081344K
  class space    used 4799K, committed 4992K, reserved 1048576K
}
Event: 4.481 GC heap before
{Heap before GC invocations=13 (full 0):
 garbage-first heap   total 78848K, used 61110K [0x0000000080a00000, 0x0000000100000000)
  region size 1024K, 46 young (47104K), 5 survivors (5120K)
 Metaspace       used 41391K, committed 41792K, reserved 1089536K
  class space    used 5674K, committed 5888K, reserved 1048576K
}
Event: 4.486 GC heap after
{Heap after GC invocations=14 (full 0):
 garbage-first heap   total 78848K, used 21810K [0x0000000080a00000, 0x0000000100000000)
  region size 1024K, 4 young (4096K), 4 survivors (4096K)
 Metaspace       used 41391K, committed 41792K, reserved 1089536K
  class space    used 5674K, committed 5888K, reserved 1048576K
}
Event: 5.048 GC heap before
{Heap before GC invocations=14 (full 0):
 garbage-first heap   total 78848K, used 56626K [0x0000000080a00000, 0x0000000100000000)
  region size 1024K, 38 young (38912K), 4 survivors (4096K)
 Metaspace       used 47131K, committed 47552K, reserved 1097728K
  class space    used 6477K, committed 6656K, reserved 1048576K
}
Event: 5.053 GC heap after
{Heap after GC invocations=15 (full 0):
 garbage-first heap   total 78848K, used 24373K [0x0000000080a00000, 0x0000000100000000)
  region size 1024K, 5 young (5120K), 5 survivors (5120K)
 Metaspace       used 47131K, committed 47552K, reserved 1097728K
  class space    used 6477K, committed 6656K, reserved 1048576K
}
Event: 5.758 GC heap before
{Heap before GC invocations=15 (full 0):
 garbage-first heap   total 78848K, used 57141K [0x0000000080a00000, 0x0000000100000000)
  region size 1024K, 37 young (37888K), 5 survivors (5120K)
 Metaspace       used 51003K, committed 51520K, reserved 1097728K
  class space    used 7028K, committed 7296K, reserved 1048576K
}

